<?xml version="1.0" encoding="UTF-8"?>
<!-- Generated by org.testng.reporters.JUnitXMLReporter -->
<testsuite ignored="0" hostname="Sreekanth_Yedla" failures="1" tests="2" name="Test" time="13.259" errors="0" timestamp="14 Dec 2022 12:32:09 GMT">
  <testcase classname="com.wellbee.doctors.AddDoctorCheckITTest" name="addDoctorIT" time="1.094"/>
  <testcase classname="com.wellbee.doctors.AddDoctorTest" name="test" time="3.515">
    <failure type="java.lang.AssertionError" message="null">
      <![CDATA[java.lang.AssertionError: null
at com.wellbee.doctors.AddDoctorTest.test(AddDoctorTest.java:61)
... Removed 27 stack frames]]>
    </failure>
  </testcase> <!-- test -->
</testsuite> <!-- Test -->
