<?xml version="1.0" encoding="UTF-8"?>
<!-- Generated by org.testng.reporters.JUnitXMLReporter -->
<testsuite ignored="0" hostname="Sreekanth_Yedla" failures="0" tests="4" name="Test1" time="16.387" errors="0" timestamp="2022-12-21T16:02:10 IST">
  <testcase classname="com.wellbee.doctors.AddDoctorCheckITTest" name="addDoctorIT" time="4.066"/>
  <testcase classname="com.wellbee.doctors.AddDoctorCheckITTest" name="sampleTest" time="0.002"/>
  <testcase classname="com.wellbee.doctors.Practice2" name="practice2" time="0.002"/>
  <testcase classname="com.wellbee.doctors.Practice1" name="practice1" time="0.001"/>
</testsuite> <!-- Test1 -->
