<?xml version="1.0" encoding="UTF-8"?>
<testng-results ignored="0" total="6" passed="6" failed="0" skipped="0">
  <reporter-output>
  </reporter-output>
  <suite started-at="2022-12-21T16:01:53 IST" name="Suite" finished-at="2022-12-21T16:02:27 IST" duration-ms="34127">
    <groups>
      <group name="regression">
        <method signature="AddDoctorTest.test()[pri:0, instance:com.wellbee.doctors.AddDoctorTest@1e1a0406]" name="test" class="com.wellbee.doctors.AddDoctorTest"/>
      </group> <!-- regression -->
      <group name="sanity">
        <method signature="AddDoctorTest.test()[pri:0, instance:com.wellbee.doctors.AddDoctorTest@1e1a0406]" name="test" class="com.wellbee.doctors.AddDoctorTest"/>
      </group> <!-- sanity -->
    </groups>
    <test started-at="2022-12-21T16:01:53 IST" name="Test1" finished-at="2022-12-21T16:02:10 IST" duration-ms="16387">
      <class name="com.wellbee.doctors.Practice2">
        <test-method is-config="true" signature="classSetup(java.lang.String)[pri:0, instance:com.wellbee.doctors.Practice2@4738a206]" started-at="2022-12-21T16:02:04 IST" name="classSetup" finished-at="2022-12-21T16:02:05 IST" duration-ms="1888" status="PASS">
          <params>
            <param index="0">
              <value>
                <![CDATA[chrome]]>
              </value>
            </param>
          </params>
          <reporter-output>
          </reporter-output>
        </test-method> <!-- classSetup -->
        <test-method is-config="true" signature="methodSetUp()[pri:0, instance:com.wellbee.doctors.Practice2@4738a206]" started-at="2022-12-21T16:02:05 IST" name="methodSetUp" finished-at="2022-12-21T16:02:07 IST" duration-ms="1156" status="PASS">
          <reporter-output>
          </reporter-output>
        </test-method> <!-- methodSetUp -->
        <test-method signature="practice2()[pri:0, instance:com.wellbee.doctors.Practice2@4738a206]" started-at="2022-12-21T16:02:07 IST" name="practice2" finished-at="2022-12-21T16:02:07 IST" duration-ms="2" status="PASS">
          <reporter-output>
          </reporter-output>
        </test-method> <!-- practice2 -->
        <test-method is-config="true" signature="methodTearDown()[pri:0, instance:com.wellbee.doctors.Practice2@4738a206]" started-at="2022-12-21T16:02:07 IST" name="methodTearDown" finished-at="2022-12-21T16:02:07 IST" duration-ms="213" status="PASS">
          <reporter-output>
          </reporter-output>
        </test-method> <!-- methodTearDown -->
        <test-method is-config="true" signature="classTearDown()[pri:0, instance:com.wellbee.doctors.Practice2@4738a206]" started-at="2022-12-21T16:02:07 IST" name="classTearDown" finished-at="2022-12-21T16:02:07 IST" duration-ms="124" status="PASS">
          <reporter-output>
          </reporter-output>
        </test-method> <!-- classTearDown -->
      </class> <!-- com.wellbee.doctors.Practice2 -->
      <class name="com.wellbee.doctors.Practice1">
        <test-method is-config="true" signature="classSetup(java.lang.String)[pri:0, instance:com.wellbee.doctors.Practice1@66d3eec0]" started-at="2022-12-21T16:02:07 IST" name="classSetup" finished-at="2022-12-21T16:02:08 IST" duration-ms="1529" status="PASS">
          <params>
            <param index="0">
              <value>
                <![CDATA[chrome]]>
              </value>
            </param>
          </params>
          <reporter-output>
          </reporter-output>
        </test-method> <!-- classSetup -->
        <test-method is-config="true" signature="methodSetUp()[pri:0, instance:com.wellbee.doctors.Practice1@66d3eec0]" started-at="2022-12-21T16:02:08 IST" name="methodSetUp" finished-at="2022-12-21T16:02:09 IST" duration-ms="994" status="PASS">
          <reporter-output>
          </reporter-output>
        </test-method> <!-- methodSetUp -->
        <test-method signature="practice1()[pri:0, instance:com.wellbee.doctors.Practice1@66d3eec0]" started-at="2022-12-21T16:02:09 IST" name="practice1" finished-at="2022-12-21T16:02:09 IST" duration-ms="1" status="PASS">
          <reporter-output>
          </reporter-output>
        </test-method> <!-- practice1 -->
        <test-method is-config="true" signature="methodTearDown()[pri:0, instance:com.wellbee.doctors.Practice1@66d3eec0]" started-at="2022-12-21T16:02:09 IST" name="methodTearDown" finished-at="2022-12-21T16:02:10 IST" duration-ms="234" status="PASS">
          <reporter-output>
          </reporter-output>
        </test-method> <!-- methodTearDown -->
        <test-method is-config="true" signature="classTearDown()[pri:0, instance:com.wellbee.doctors.Practice1@66d3eec0]" started-at="2022-12-21T16:02:10 IST" name="classTearDown" finished-at="2022-12-21T16:02:10 IST" duration-ms="79" status="PASS">
          <reporter-output>
          </reporter-output>
        </test-method> <!-- classTearDown -->
      </class> <!-- com.wellbee.doctors.Practice1 -->
      <class name="com.wellbee.doctors.AddDoctorCheckITTest">
        <test-method is-config="true" signature="classSetup(java.lang.String)[pri:0, instance:com.wellbee.doctors.AddDoctorCheckITTest@1da2cb77]" started-at="2022-12-21T16:01:53 IST" name="classSetup" finished-at="2022-12-21T16:01:58 IST" duration-ms="4133" status="PASS">
          <params>
            <param index="0">
              <value>
                <![CDATA[chrome]]>
              </value>
            </param>
          </params>
          <reporter-output>
          </reporter-output>
        </test-method> <!-- classSetup -->
        <test-method is-config="true" signature="methodSetUp()[pri:0, instance:com.wellbee.doctors.AddDoctorCheckITTest@1da2cb77]" started-at="2022-12-21T16:01:58 IST" name="methodSetUp" finished-at="2022-12-21T16:01:58 IST" duration-ms="971" status="PASS">
          <reporter-output>
          </reporter-output>
        </test-method> <!-- methodSetUp -->
        <test-method signature="addDoctorIT()[pri:0, instance:com.wellbee.doctors.AddDoctorCheckITTest@1da2cb77]" started-at="2022-12-21T16:01:59 IST" name="addDoctorIT" finished-at="2022-12-21T16:02:03 IST" duration-ms="4066" status="PASS">
          <reporter-output>
          </reporter-output>
        </test-method> <!-- addDoctorIT -->
        <test-method is-config="true" signature="methodTearDown()[pri:0, instance:com.wellbee.doctors.AddDoctorCheckITTest@1da2cb77]" started-at="2022-12-21T16:02:03 IST" name="methodTearDown" finished-at="2022-12-21T16:02:03 IST" duration-ms="175" status="PASS">
          <reporter-output>
          </reporter-output>
        </test-method> <!-- methodTearDown -->
        <test-method is-config="true" signature="methodSetUp()[pri:0, instance:com.wellbee.doctors.AddDoctorCheckITTest@1da2cb77]" started-at="2022-12-21T16:02:03 IST" name="methodSetUp" finished-at="2022-12-21T16:02:03 IST" duration-ms="451" status="PASS">
          <reporter-output>
          </reporter-output>
        </test-method> <!-- methodSetUp -->
        <test-method signature="sampleTest()[pri:0, instance:com.wellbee.doctors.AddDoctorCheckITTest@1da2cb77]" started-at="2022-12-21T16:02:03 IST" name="sampleTest" finished-at="2022-12-21T16:02:03 IST" duration-ms="2" status="PASS">
          <reporter-output>
          </reporter-output>
        </test-method> <!-- sampleTest -->
        <test-method is-config="true" signature="methodTearDown()[pri:0, instance:com.wellbee.doctors.AddDoctorCheckITTest@1da2cb77]" started-at="2022-12-21T16:02:03 IST" name="methodTearDown" finished-at="2022-12-21T16:02:03 IST" duration-ms="233" status="PASS">
          <reporter-output>
          </reporter-output>
        </test-method> <!-- methodTearDown -->
        <test-method is-config="true" signature="classTearDown()[pri:0, instance:com.wellbee.doctors.AddDoctorCheckITTest@1da2cb77]" started-at="2022-12-21T16:02:03 IST" name="classTearDown" finished-at="2022-12-21T16:02:04 IST" duration-ms="81" status="PASS">
          <reporter-output>
          </reporter-output>
        </test-method> <!-- classTearDown -->
      </class> <!-- com.wellbee.doctors.AddDoctorCheckITTest -->
    </test> <!-- Test1 -->
    <test started-at="2022-12-21T16:01:53 IST" name="Test2" finished-at="2022-12-21T16:02:27 IST" duration-ms="34127">
      <class name="com.wellbee.doctors.Practice3">
        <test-method is-config="true" signature="classSetup(java.lang.String)[pri:0, instance:com.wellbee.doctors.Practice3@23c30a20]" started-at="2022-12-21T16:01:53 IST" name="classSetup" finished-at="2022-12-21T16:02:01 IST" duration-ms="7801" status="PASS">
          <params>
            <param index="0">
              <value>
                <![CDATA[firefox]]>
              </value>
            </param>
          </params>
          <reporter-output>
          </reporter-output>
        </test-method> <!-- classSetup -->
        <test-method is-config="true" signature="methodSetUp()[pri:0, instance:com.wellbee.doctors.Practice3@23c30a20]" started-at="2022-12-21T16:02:01 IST" name="methodSetUp" finished-at="2022-12-21T16:02:02 IST" duration-ms="825" status="PASS">
          <reporter-output>
          </reporter-output>
        </test-method> <!-- methodSetUp -->
        <test-method signature="practice3()[pri:0, instance:com.wellbee.doctors.Practice3@23c30a20]" started-at="2022-12-21T16:02:02 IST" name="practice3" finished-at="2022-12-21T16:02:02 IST" duration-ms="2" status="PASS">
          <reporter-output>
          </reporter-output>
        </test-method> <!-- practice3 -->
        <test-method is-config="true" signature="methodTearDown()[pri:0, instance:com.wellbee.doctors.Practice3@23c30a20]" started-at="2022-12-21T16:02:02 IST" name="methodTearDown" finished-at="2022-12-21T16:02:02 IST" duration-ms="445" status="PASS">
          <reporter-output>
          </reporter-output>
        </test-method> <!-- methodTearDown -->
        <test-method is-config="true" signature="classTearDown()[pri:0, instance:com.wellbee.doctors.Practice3@23c30a20]" started-at="2022-12-21T16:02:02 IST" name="classTearDown" finished-at="2022-12-21T16:02:04 IST" duration-ms="1254" status="PASS">
          <reporter-output>
          </reporter-output>
        </test-method> <!-- classTearDown -->
      </class> <!-- com.wellbee.doctors.Practice3 -->
      <class name="com.wellbee.doctors.AddDoctorTest">
        <test-method is-config="true" signature="classSetup(java.lang.String)[pri:0, instance:com.wellbee.doctors.AddDoctorTest@1e1a0406]" started-at="2022-12-21T16:02:04 IST" name="classSetup" finished-at="2022-12-21T16:02:09 IST" duration-ms="5426" status="PASS">
          <params>
            <param index="0">
              <value>
                <![CDATA[firefox]]>
              </value>
            </param>
          </params>
          <reporter-output>
          </reporter-output>
        </test-method> <!-- classSetup -->
        <test-method is-config="true" signature="methodSetUp()[pri:0, instance:com.wellbee.doctors.AddDoctorTest@1e1a0406]" started-at="2022-12-21T16:02:09 IST" name="methodSetUp" finished-at="2022-12-21T16:02:10 IST" duration-ms="1008" status="PASS">
          <reporter-output>
          </reporter-output>
        </test-method> <!-- methodSetUp -->
        <test-method signature="test()[pri:0, instance:com.wellbee.doctors.AddDoctorTest@1e1a0406]" started-at="2022-12-21T16:02:10 IST" name="test" finished-at="2022-12-21T16:02:27 IST" duration-ms="16441" status="PASS">
          <reporter-output>
          </reporter-output>
        </test-method> <!-- test -->
        <test-method is-config="true" signature="methodTearDown()[pri:0, instance:com.wellbee.doctors.AddDoctorTest@1e1a0406]" started-at="2022-12-21T16:02:27 IST" name="methodTearDown" finished-at="2022-12-21T16:02:27 IST" duration-ms="314" status="PASS">
          <reporter-output>
          </reporter-output>
        </test-method> <!-- methodTearDown -->
        <test-method is-config="true" signature="classTearDown()[pri:0, instance:com.wellbee.doctors.AddDoctorTest@1e1a0406]" started-at="2022-12-21T16:02:27 IST" name="classTearDown" finished-at="2022-12-21T16:02:27 IST" duration-ms="583" status="PASS">
          <reporter-output>
          </reporter-output>
        </test-method> <!-- classTearDown -->
      </class> <!-- com.wellbee.doctors.AddDoctorTest -->
    </test> <!-- Test2 -->
  </suite> <!-- Suite -->
</testng-results>
