<?xml version="1.0" encoding="UTF-8"?>
<testng-results total="2" passed="2" failed="0" skipped="0">
  <reporter-output>
  </reporter-output>
  <suite started-at="2022-12-15T09:56:48Z" name="Suite" finished-at="2022-12-15T09:56:58Z" duration-ms="10026">
    <groups>
    </groups>
    <test started-at="2022-12-15T09:56:48Z" name="Test1" finished-at="2022-12-15T09:56:55Z" duration-ms="6722">
      <class name="com.wellbee.doctors.AddDoctorCheckITTest">
        <test-method is-config="true" signature="classSetup()[pri:0, instance:com.wellbee.doctors.AddDoctorCheckITTest@5a3bc7ed]" started-at="2022-12-15T15:26:49Z" name="classSetup" finished-at="2022-12-15T15:26:53Z" duration-ms="4226" status="PASS">
          <reporter-output>
          </reporter-output>
        </test-method> <!-- classSetup -->
        <test-method is-config="true" signature="methodSetUp()[pri:0, instance:com.wellbee.doctors.AddDoctorCheckITTest@5a3bc7ed]" started-at="2022-12-15T15:26:53Z" name="methodSetUp" finished-at="2022-12-15T15:26:54Z" duration-ms="1101" status="PASS">
          <reporter-output>
          </reporter-output>
        </test-method> <!-- methodSetUp -->
        <test-method signature="addDoctorIT()[pri:0, instance:com.wellbee.doctors.AddDoctorCheckITTest@5a3bc7ed]" started-at="2022-12-15T15:26:54Z" name="addDoctorIT" finished-at="2022-12-15T15:26:55Z" duration-ms="867" status="PASS">
          <reporter-output>
          </reporter-output>
        </test-method> <!-- addDoctorIT -->
        <test-method is-config="true" signature="methodTearDown()[pri:0, instance:com.wellbee.doctors.AddDoctorCheckITTest@5a3bc7ed]" started-at="2022-12-15T15:26:55Z" name="methodTearDown" finished-at="2022-12-15T15:26:55Z" duration-ms="137" status="PASS">
          <reporter-output>
          </reporter-output>
        </test-method> <!-- methodTearDown -->
        <test-method is-config="true" signature="classTearDown()[pri:0, instance:com.wellbee.doctors.AddDoctorCheckITTest@5a3bc7ed]" started-at="2022-12-15T15:26:55Z" name="classTearDown" finished-at="2022-12-15T15:26:55Z" duration-ms="0" status="PASS">
          <reporter-output>
          </reporter-output>
        </test-method> <!-- classTearDown -->
      </class> <!-- com.wellbee.doctors.AddDoctorCheckITTest -->
    </test> <!-- Test1 -->
    <test started-at="2022-12-15T09:56:48Z" name="Test2" finished-at="2022-12-15T09:56:58Z" duration-ms="10026">
      <class name="com.wellbee.doctors.AddDoctorTest">
        <test-method is-config="true" signature="classSetup()[pri:0, instance:com.wellbee.doctors.AddDoctorTest@54504ecd]" started-at="2022-12-15T15:26:49Z" name="classSetup" finished-at="2022-12-15T15:26:53Z" duration-ms="4469" status="PASS">
          <reporter-output>
          </reporter-output>
        </test-method> <!-- classSetup -->
        <test-method is-config="true" signature="methodSetUp()[pri:0, instance:com.wellbee.doctors.AddDoctorTest@54504ecd]" started-at="2022-12-15T15:26:53Z" name="methodSetUp" finished-at="2022-12-15T15:26:54Z" duration-ms="1179" status="PASS">
          <reporter-output>
          </reporter-output>
        </test-method> <!-- methodSetUp -->
        <test-method signature="test()[pri:0, instance:com.wellbee.doctors.AddDoctorTest@54504ecd]" started-at="2022-12-15T15:26:54Z" name="test" finished-at="2022-12-15T15:26:58Z" duration-ms="3837" status="PASS">
          <reporter-output>
          </reporter-output>
        </test-method> <!-- test -->
        <test-method is-config="true" signature="methodTearDown()[pri:0, instance:com.wellbee.doctors.AddDoctorTest@54504ecd]" started-at="2022-12-15T15:26:58Z" name="methodTearDown" finished-at="2022-12-15T15:26:58Z" duration-ms="154" status="PASS">
          <reporter-output>
          </reporter-output>
        </test-method> <!-- methodTearDown -->
        <test-method is-config="true" signature="classTearDown()[pri:0, instance:com.wellbee.doctors.AddDoctorTest@54504ecd]" started-at="2022-12-15T15:26:58Z" name="classTearDown" finished-at="2022-12-15T15:26:58Z" duration-ms="0" status="PASS">
          <reporter-output>
          </reporter-output>
        </test-method> <!-- classTearDown -->
      </class> <!-- com.wellbee.doctors.AddDoctorTest -->
    </test> <!-- Test2 -->
  </suite> <!-- Suite -->
</testng-results>
